# JRE version: Java(TM) SE Runtime Environment (8.0_161-b12) (build 1.8.0_161-b12)
# Java VM: Java HotSpot(TM) 64-Bit Server VM (25.161-b12 mixed mode windows-amd64 compressed oops)
Heap:
 PSYoungGen      total 212480K, used 30822K [0x00000000e0000000, 0x00000000ef680000, 0x0000000100000000)
  eden space 188928K, 10% used [0x00000000e0000000,0x00000000e138bf68,0x00000000eb880000)
  from space 23552K, 45% used [0x00000000eb880000,0x00000000ec30d960,0x00000000ecf80000)
  to   space 22016K, 0% used [0x00000000ee100000,0x00000000ee100000,0x00000000ef680000)
 ParOldGen       total 124416K, used 47477K [0x00000000a0000000, 0x00000000a7980000, 0x00000000e0000000)
  object space 124416K, 38% used [0x00000000a0000000,0x00000000a2e5d508,0x00000000a7980000)
 Metaspace       used 64778K, capacity 68376K, committed 68528K, reserved 1107968K
  class space    used 8757K, capacity 9627K, committed 9648K, reserved 1048576K
GC Heap History (10 events):
Event: 33.779 GC heap before
{Heap before GC invocations=14 (full 2):
 PSYoungGen      total 159232K, used 65436K [0x00000000e0000000, 0x00000000ed680000, 0x0000000100000000)
  eden space 140800K, 33% used [0x00000000e0000000,0x00000000e2def0b0,0x00000000e8980000)
  from space 18432K, 99% used [0x00000000e8980000,0x00000000e9b78210,0x00000000e9b80000)
  to   space 25600K, 0% used [0x00000000ebd80000,0x00000000ebd80000,0x00000000ed680000)
 ParOldGen       total 71168K, used 33626K [0x00000000a0000000, 0x00000000a4580000, 0x00000000e0000000)
  object space 71168K, 47% used [0x00000000a0000000,0x00000000a20d68c0,0x00000000a4580000)
 Metaspace       used 56601K, capacity 59072K, committed 59160K, reserved 1099776K
  class space    used 7925K, capacity 8554K, committed 8624K, reserved 1048576K
Event: 33.813 GC heap after
Heap after GC invocations=14 (full 2):
 PSYoungGen      total 190976K, used 13452K [0x00000000e0000000, 0x00000000ed480000, 0x0000000100000000)
  eden space 167424K, 0% used [0x00000000e0000000,0x00000000e0000000,0x00000000ea380000)
  from space 23552K, 57% used [0x00000000ebd80000,0x00000000ecaa33d0,0x00000000ed480000)
  to   space 25088K, 0% used [0x00000000ea380000,0x00000000ea380000,0x00000000ebc00000)
 ParOldGen       total 71168K, used 41955K [0x00000000a0000000, 0x00000000a4580000, 0x00000000e0000000)
  object space 71168K, 58% used [0x00000000a0000000,0x00000000a28f8d90,0x00000000a4580000)
 Metaspace       used 56601K, capacity 59072K, committed 59160K, reserved 1099776K
  class space    used 7925K, capacity 8554K, committed 8624K, reserved 1048576K
}
Event: 33.813 GC heap before
{Heap before GC invocations=15 (full 3):
 PSYoungGen      total 190976K, used 13452K [0x00000000e0000000, 0x00000000ed480000, 0x0000000100000000)
  eden space 167424K, 0% used [0x00000000e0000000,0x00000000e0000000,0x00000000ea380000)
  from space 23552K, 57% used [0x00000000ebd80000,0x00000000ecaa33d0,0x00000000ed480000)
  to   space 25088K, 0% used [0x00000000ea380000,0x00000000ea380000,0x00000000ebc00000)
 ParOldGen       total 71168K, used 41955K [0x00000000a0000000, 0x00000000a4580000, 0x00000000e0000000)
  object space 71168K, 58% used [0x00000000a0000000,0x00000000a28f8d90,0x00000000a4580000)
 Metaspace       used 56601K, capacity 59072K, committed 59160K, reserved 1099776K
  class space    used 7925K, capacity 8554K, committed 8624K, reserved 1048576K
Event: 34.194 GC heap after
Heap after GC invocations=15 (full 3):
 PSYoungGen      total 190976K, used 0K [0x00000000e0000000, 0x00000000ed480000, 0x0000000100000000)
  eden space 167424K, 0% used [0x00000000e0000000,0x00000000e0000000,0x00000000ea380000)
  from space 23552K, 0% used [0x00000000ebd80000,0x00000000ebd80000,0x00000000ed480000)
  to   space 25088K, 0% used [0x00000000ea380000,0x00000000ea380000,0x00000000ebc00000)
 ParOldGen       total 124416K, used 47453K [0x00000000a0000000, 0x00000000a7980000, 0x00000000e0000000)
  object space 124416K, 38% used [0x00000000a0000000,0x00000000a2e57508,0x00000000a7980000)
 Metaspace       used 56601K, capacity 59072K, committed 59160K, reserved 1099776K
  class space    used 7925K, capacity 8554K, committed 8624K, reserved 1048576K
}
Event: 52.363 GC heap before
{Heap before GC invocations=16 (full 3):
 PSYoungGen      total 190976K, used 167424K [0x00000000e0000000, 0x00000000ed480000, 0x0000000100000000)
  eden space 167424K, 100% used [0x00000000e0000000,0x00000000ea380000,0x00000000ea380000)
  from space 23552K, 0% used [0x00000000ebd80000,0x00000000ebd80000,0x00000000ed480000)
  to   space 25088K, 0% used [0x00000000ea380000,0x00000000ea380000,0x00000000ebc00000)
 ParOldGen       total 124416K, used 47453K [0x00000000a0000000, 0x00000000a7980000, 0x00000000e0000000)
  object space 124416K, 38% used [0x00000000a0000000,0x00000000a2e57508,0x00000000a7980000)
 Metaspace       used 62790K, capacity 65742K, committed 65968K, reserved 1105920K
  class space    used 8595K, capacity 9287K, committed 9392K, reserved 1048576K
Event: 52.382 GC heap after
Heap after GC invocations=16 (full 3):
 PSYoungGen      total 192512K, used 12368K [0x00000000e0000000, 0x00000000eec80000, 0x0000000100000000)
  eden space 167424K, 0% used [0x00000000e0000000,0x00000000e0000000,0x00000000ea380000)
  from space 25088K, 49% used [0x00000000ea380000,0x00000000eaf942d0,0x00000000ebc00000)
  to   space 24064K, 0% used [0x00000000ed500000,0x00000000ed500000,0x00000000eec80000)
 ParOldGen       total 124416K, used 47461K [0x00000000a0000000, 0x00000000a7980000, 0x00000000e0000000)
  object space 124416K, 38% used [0x00000000a0000000,0x00000000a2e59508,0x00000000a7980000)
 Metaspace       used 62790K, capacity 65742K, committed 65968K, reserved 1105920K
  class space    used 8595K, capacity 9287K, committed 9392K, reserved 1048576K
}
Event: 139.195 GC heap before
{Heap before GC invocations=17 (full 3):
 PSYoungGen      total 192512K, used 179792K [0x00000000e0000000, 0x00000000eec80000, 0x0000000100000000)
  eden space 167424K, 100% used [0x00000000e0000000,0x00000000ea380000,0x00000000ea380000)
  from space 25088K, 49% used [0x00000000ea380000,0x00000000eaf942d0,0x00000000ebc00000)
  to   space 24064K, 0% used [0x00000000ed500000,0x00000000ed500000,0x00000000eec80000)
 ParOldGen       total 124416K, used 47461K [0x00000000a0000000, 0x00000000a7980000, 0x00000000e0000000)
  object space 124416K, 38% used [0x00000000a0000000,0x00000000a2e59508,0x00000000a7980000)
 Metaspace       used 63808K, capacity 67084K, committed 67376K, reserved 1107968K
  class space    used 8682K, capacity 9483K, committed 9520K, reserved 1048576K
Event: 139.226 GC heap after
Heap after GC invocations=17 (full 3):
 PSYoungGen      total 206848K, used 8400K [0x00000000e0000000, 0x00000000ee680000, 0x0000000100000000)
  eden space 188928K, 0% used [0x00000000e0000000,0x00000000e0000000,0x00000000eb880000)
  from space 17920K, 46% used [0x00000000ed500000,0x00000000edd34040,0x00000000ee680000)
  to   space 23552K, 0% used [0x00000000eb880000,0x00000000eb880000,0x00000000ecf80000)
 ParOldGen       total 124416K, used 47469K [0x00000000a0000000, 0x00000000a7980000, 0x00000000e0000000)
  object space 124416K, 38% used [0x00000000a0000000,0x00000000a2e5b508,0x00000000a7980000)
 Metaspace       used 63808K, capacity 67084K, committed 67376K, reserved 1107968K
  class space    used 8682K, capacity 9483K, committed 9520K, reserved 1048576K
}
Event: 1386.445 GC heap before
{Heap before GC invocations=18 (full 3):
 PSYoungGen      total 206848K, used 197328K [0x00000000e0000000, 0x00000000ee680000, 0x0000000100000000)
  eden space 188928K, 100% used [0x00000000e0000000,0x00000000eb880000,0x00000000eb880000)
  from space 17920K, 46% used [0x00000000ed500000,0x00000000edd34040,0x00000000ee680000)
  to   space 23552K, 0% used [0x00000000eb880000,0x00000000eb880000,0x00000000ecf80000)
 ParOldGen       total 124416K, used 47469K [0x00000000a0000000, 0x00000000a7980000, 0x00000000e0000000)
  object space 124416K, 38% used [0x00000000a0000000,0x00000000a2e5b508,0x00000000a7980000)
 Metaspace       used 64647K, capacity 68292K, committed 68528K, reserved 1107968K
  class space    used 8752K, capacity 9625K, committed 9648K, reserved 1048576K
Event: 1386.604 GC heap after
Heap after GC invocations=18 (full 3):
 PSYoungGen      total 212480K, used 10806K [0x00000000e0000000, 0x00000000ef680000, 0x0000000100000000)
  eden space 188928K, 0% used [0x00000000e0000000,0x00000000e0000000,0x00000000eb880000)
  from space 23552K, 45% used [0x00000000eb880000,0x00000000ec30d960,0x00000000ecf80000)
  to   space 22016K, 0% used [0x00000000ee100000,0x00000000ee100000,0x00000000ef680000)
 ParOldGen       total 124416K, used 47477K [0x00000000a0000000, 0x00000000a7980000, 0x00000000e0000000)
  object space 124416K, 38% used [0x00000000a0000000,0x00000000a2e5d508,0x00000000a7980000)
 Metaspace       used 64647K, capacity 68292K, committed 68528K, reserved 1107968K
  class space    used 8752K, capacity 9625K, committed 9648K, reserved 1048576K
}

